<?xml version="1.0" encoding="UTF-8"?>
<!-- Generated by org.testng.reporters.JUnitXMLReporter -->
<testsuite hostname="DESKTOP-44FFRGA" name="Regression Tests" tests="5" failures="2" timestamp="15 Oct 2019 18:44:22 GMT" time="4.556" errors="0">
  <testcase name="FlightBooking" time="0.039" classname="com.regression.testcases.validateHomePage">
    <skipped/>
  </testcase> <!-- FlightBooking -->
  <testcase name="FlightBooking" time="0.003" classname="com.regression.testcases.validateHomePage">
    <skipped/>
  </testcase> <!-- FlightBooking -->
  <testcase name="FlightBooking" time="0.003" classname="com.regression.testcases.validateHomePage">
    <skipped/>
  </testcase> <!-- FlightBooking -->
  <testcase name="validateMakeMyTripPage" time="0.333" classname="com.regression.testcases.validateHomePage">
    <failure type="java.lang.IllegalStateException" message="The path to the driver executable must be set by the webdriver.chrome.driver system property; for more information, see https://github.com/SeleniumHQ/selenium/wiki/ChromeDriver. The latest version can be downloaded from http://chromedriver.storage.googleapis.com/index.html">
      <![CDATA[java.lang.IllegalStateException: The path to the driver executable must be set by the webdriver.chrome.driver system property; for more information, see https://github.com/SeleniumHQ/selenium/wiki/ChromeDriver. The latest version can be downloaded from http://chromedriver.storage.googleapis.com/index.html
	at com.google.common.base.Preconditions.checkState(Preconditions.java:847)
	at org.openqa.selenium.remote.service.DriverService.findExecutable(DriverService.java:124)
	at org.openqa.selenium.chrome.ChromeDriverService.access$000(ChromeDriverService.java:33)
	at org.openqa.selenium.chrome.ChromeDriverService$Builder.findDefaultExecutable(ChromeDriverService.java:139)
	at org.openqa.selenium.remote.service.DriverService$Builder.build(DriverService.java:335)
	at org.openqa.selenium.chrome.ChromeDriverService.createDefaultService(ChromeDriverService.java:89)
	at org.openqa.selenium.chrome.ChromeDriver.<init>(ChromeDriver.java:123)
	at com.regression.testcases.baseTest.openbrowser(baseTest.java:42)
	at com.regression.testcases.validateHomePage.validateMakeMyTripPage(validateHomePage.java:44)
... Removed 24 stack frames]]>
    </failure>
  </testcase> <!-- validateMakeMyTripPage -->
  <testcase name="validateMakeMyTripPage" time="0.367" classname="com.regression.testcases.validateHomePage">
    <failure type="java.lang.NullPointerException">
      <![CDATA[java.lang.NullPointerException
	at com.pom.ExtentReports.ExtentManager.captureScreenshot(ExtentManager.java:52)
	at com.pom.ExtentReports.ExtentListeners.onTestFailure(ExtentListeners.java:64)
... Removed 21 stack frames]]>
    </failure>
  </testcase> <!-- validateMakeMyTripPage -->
</testsuite> <!-- Regression Tests -->
